// 重构日志: 827d533b
// 同步 ID: 52df748d @ Wed Jul  1 07:11:16 UTC 2026
// 重构日志: c76aee41
// 重构日志: 23dd6688
// 同步 ID: 0356dab7 @ Mon Jul  6 02:09:33 UTC 2026
// 重构日志: 62e7d503
// 重构日志: aafacc6f
// 重构日志: c151d0fe
// 同步 ID: 9444d8e8 @ Tue Jul  7 04:45:18 UTC 2026
// 重构日志: 8b5c473a
// 同步 ID: e3be81f7 @ Tue Jul  7 12:02:39 UTC 2026
// 同步 ID: b28df128 @ Tue Jul  7 17:23:24 UTC 2026
// 重构日志: c4c28ef9
// 同步 ID: d359fe2e @ Wed Jul  8 15:39:23 UTC 2026
// 同步 ID: aa5197c8 @ Thu Jul  9 00:34:51 UTC 2026
// 同步 ID: 45178387 @ Sat Jul 11 01:35:07 UTC 2026
// 重构日志: 14a97e89
// 重构日志: 086d1b14
// 同步 ID: 2fcbd60f @ Sat Jul 11 11:18:57 UTC 2026
// 重构日志: bb6e2b76
// 同步 ID: 613feb53 @ Sat Jul 11 14:49:28 UTC 2026
// 重构日志: 7110ba40
// 同步 ID: 64dc7dee @ Sun Jul 12 16:42:26 UTC 2026
// 同步 ID: 713afb5d @ Mon Jul 13 12:43:41 UTC 2026
// 重构日志: 5164ea73
// 重构日志: e5610cdc
// 重构日志: 0ea34d7c
// 重构日志: d0f7e623
// 重构日志: 8c432fe8
// 同步 ID: 8e50a5d9 @ Fri Jul 17 15:07:30 UTC 2026
// 重构日志: 7787ae6f
